Build started 8/28/2014 12:07:36 AM.
     1>Project "E:\Codes\SSHUFFLE\sshuffle\sshuffle\sshuffle.vcxproj" on node 2 (build target(s)).
     1>InitializeBuildStatus:
         Touching "Debug\sshuffle.unsuccessfulbuild".
       ClCompile:
         c:\Program Files (x86)\Microsoft Visual Studio 10.0\VC\bin\CL.exe /c /ZI /nologo /W3 /WX- /Od /Oy- /D WIN32 /D _DEBUG /D _CONSOLE /D _UNICODE /D UNICODE /Gm /EHsc /RTC1 /MDd /GS /fp:precise /Zc:wchar_t /Zc:forScope /Fo"Debug\\" /Fd"Debug\vc100.pdb" /Gd /TP /analyze- /errorReport:prompt sshuffle.cpp
         sshuffle.cpp
     1>e:\codes\sshuffle\sshuffle\sshuffle\sshuffle.cpp(12): warning C4996: 'scanf': This function or variable may be unsafe. Consider using scanf_s instead. To disable deprecation, use _CRT_SECURE_NO_WARNINGS. See online help for details.
                 c:\program files (x86)\microsoft visual studio 10.0\vc\include\stdio.h(304) : see declaration of 'scanf'
     1>e:\codes\sshuffle\sshuffle\sshuffle\sshuffle.cpp(24): warning C4018: '<' : signed/unsigned mismatch
     1>e:\codes\sshuffle\sshuffle\sshuffle\sshuffle.cpp(30): warning C4018: '<' : signed/unsigned mismatch
     1>e:\codes\sshuffle\sshuffle\sshuffle\sshuffle.cpp(38): warning C4018: '<' : signed/unsigned mismatch
     1>e:\codes\sshuffle\sshuffle\sshuffle\sshuffle.cpp(50): warning C4018: '<' : signed/unsigned mismatch
     1>e:\codes\sshuffle\sshuffle\sshuffle\sshuffle.cpp(66): warning C4018: '<' : signed/unsigned mismatch
     1>e:\codes\sshuffle\sshuffle\sshuffle\sshuffle.cpp(76): warning C4018: '<' : signed/unsigned mismatch
     1>e:\codes\sshuffle\sshuffle\sshuffle\sshuffle.cpp(82): warning C4018: '<' : signed/unsigned mismatch
     1>e:\codes\sshuffle\sshuffle\sshuffle\sshuffle.cpp(108): warning C4018: '<' : signed/unsigned mismatch
     1>e:\codes\sshuffle\sshuffle\sshuffle\sshuffle.cpp(113): warning C4018: '<' : signed/unsigned mismatch
       ManifestResourceCompile:
         c:\Program Files (x86)\Microsoft SDKs\Windows\v7.0A\bin\rc.exe /nologo /fo"Debug\sshuffle.exe.embed.manifest.res" Debug\sshuffle_manifest.rc 
       Link:
         c:\Program Files (x86)\Microsoft Visual Studio 10.0\VC\bin\link.exe /ERRORREPORT:PROMPT /OUT:"E:\Codes\SSHUFFLE\sshuffle\Debug\sshuffle.exe" /INCREMENTAL /NOLOGO kernel32.lib user32.lib gdi32.lib winspool.lib comdlg32.lib advapi32.lib shell32.lib ole32.lib oleaut32.lib uuid.lib odbc32.lib odbccp32.lib /MANIFEST /ManifestFile:"Debug\sshuffle.exe.intermediate.manifest" /MANIFESTUAC:"level='asInvoker' uiAccess='false'" /DEBUG /PDB:"E:\Codes\SSHUFFLE\sshuffle\Debug\sshuffle.pdb" /SUBSYSTEM:CONSOLE /TLBID:1 /DYNAMICBASE /NXCOMPAT /IMPLIB:"E:\Codes\SSHUFFLE\sshuffle\Debug\sshuffle.lib" /MACHINE:X86 Debug\sshuffle.exe.embed.manifest.res
         Debug\sshuffle.obj
       Manifest:
         c:\Program Files (x86)\Microsoft SDKs\Windows\v7.0A\bin\mt.exe /nologo /verbose /out:"Debug\sshuffle.exe.embed.manifest" /manifest Debug\sshuffle.exe.intermediate.manifest
         c:\Program Files (x86)\Microsoft SDKs\Windows\v7.0A\bin\rc.exe /nologo /fo"Debug\sshuffle.exe.embed.manifest.res" Debug\sshuffle_manifest.rc 
       LinkEmbedManifest:
         c:\Program Files (x86)\Microsoft Visual Studio 10.0\VC\bin\link.exe /ERRORREPORT:PROMPT /OUT:"E:\Codes\SSHUFFLE\sshuffle\Debug\sshuffle.exe" /INCREMENTAL /NOLOGO kernel32.lib user32.lib gdi32.lib winspool.lib comdlg32.lib advapi32.lib shell32.lib ole32.lib oleaut32.lib uuid.lib odbc32.lib odbccp32.lib /MANIFEST /ManifestFile:"Debug\sshuffle.exe.intermediate.manifest" /MANIFESTUAC:"level='asInvoker' uiAccess='false'" /DEBUG /PDB:"E:\Codes\SSHUFFLE\sshuffle\Debug\sshuffle.pdb" /SUBSYSTEM:CONSOLE /TLBID:1 /DYNAMICBASE /NXCOMPAT /IMPLIB:"E:\Codes\SSHUFFLE\sshuffle\Debug\sshuffle.lib" /MACHINE:X86 Debug\sshuffle.exe.embed.manifest.res
         Debug\sshuffle.obj
         sshuffle.vcxproj -> E:\Codes\SSHUFFLE\sshuffle\Debug\sshuffle.exe
       FinalizeBuildStatus:
         Deleting file "Debug\sshuffle.unsuccessfulbuild".
         Touching "Debug\sshuffle.lastbuildstate".
     1>Done Building Project "E:\Codes\SSHUFFLE\sshuffle\sshuffle\sshuffle.vcxproj" (build target(s)).

Build succeeded.

Time Elapsed 00:00:03.55
