Build started 7/7/2014 11:49:18 PM.
     1>Project "E:\Codes\Self\Self\Self\Self.vcxproj" on node 2 (build target(s)).
     1>InitializeBuildStatus:
         Creating "Debug\Self.unsuccessfulbuild" because "AlwaysCreate" was specified.
       ClCompile:
         All outputs are up-to-date.
         c:\Program Files (x86)\Microsoft Visual Studio 10.0\VC\bin\CL.exe /c /Zi /nologo /W3 /WX- /Od /Oy- /D WIN32 /D _DEBUG /D _CONSOLE /D _UNICODE /D UNICODE /Gm /EHsc /RTC1 /MDd /GS /fp:precise /Zc:wchar_t /Zc:forScope /Fo"Debug\\" /Fd"Debug\vc100.pdb" /Gd /TP /analyze- /errorReport:prompt self.cpp
         self.cpp
       ManifestResourceCompile:
         All outputs are up-to-date.
       Link:
         c:\Program Files (x86)\Microsoft Visual Studio 10.0\VC\bin\link.exe /ERRORREPORT:PROMPT /OUT:"E:\Codes\Self\Self\Debug\Self.exe" /INCREMENTAL /NOLOGO kernel32.lib user32.lib gdi32.lib winspool.lib comdlg32.lib advapi32.lib shell32.lib ole32.lib oleaut32.lib uuid.lib odbc32.lib odbccp32.lib /MANIFEST /ManifestFile:"Debug\Self.exe.intermediate.manifest" /MANIFESTUAC:"level='asInvoker' uiAccess='false'" /DEBUG /PDB:"E:\Codes\Self\Self\Debug\Self.pdb" /SUBSYSTEM:CONSOLE /TLBID:1 /DYNAMICBASE /NXCOMPAT /IMPLIB:"E:\Codes\Self\Self\Debug\Self.lib" /MACHINE:X86 Debug\Self.exe.embed.manifest.res
         Debug\coins.obj
         Debug\reverse.obj
         Debug\self.obj
         Debug\self1.obj
         Debug\selfoneline.obj
       Manifest:
         c:\Program Files (x86)\Microsoft SDKs\Windows\v7.0A\bin\mt.exe /nologo /verbose /out:"Debug\Self.exe.embed.manifest" /manifest Debug\Self.exe.intermediate.manifest
         All outputs are up-to-date.
       LinkEmbedManifest:
         All outputs are up-to-date.
         Self.vcxproj -> E:\Codes\Self\Self\Debug\Self.exe
       FinalizeBuildStatus:
         Deleting file "Debug\Self.unsuccessfulbuild".
         Touching "Debug\Self.lastbuildstate".
     1>Done Building Project "E:\Codes\Self\Self\Self\Self.vcxproj" (build target(s)).

Build succeeded.

Time Elapsed 00:00:00.74
