Build started 11/25/2014 11:09:42 PM.
     1>Project "E:\Codes\PALIN\palin\palin\palin.vcxproj" on node 2 (build target(s)).
     1>InitializeBuildStatus:
         Creating "Debug\palin.unsuccessfulbuild" because "AlwaysCreate" was specified.
       ClCompile:
         c:\Program Files (x86)\Microsoft Visual Studio 10.0\VC\bin\CL.exe /c /ZI /nologo /W3 /WX- /Od /Oy- /D WIN32 /D _DEBUG /D _CONSOLE /D _UNICODE /D UNICODE /Gm /EHsc /RTC1 /MDd /GS /fp:precise /Zc:wchar_t /Zc:forScope /Fo"Debug\\" /Fd"Debug\vc100.pdb" /Gd /TP /analyze- /errorReport:prompt palin.cpp palin2.cpp
         palin2.cpp
     1>e:\codes\palin\palin\palin\palin2.cpp(86): warning C4996: 'scanf': This function or variable may be unsafe. Consider using scanf_s instead. To disable deprecation, use _CRT_SECURE_NO_WARNINGS. See online help for details.
                 c:\program files (x86)\microsoft visual studio 10.0\vc\include\stdio.h(304) : see declaration of 'scanf'
     1>e:\codes\palin\palin\palin\palin2.cpp(88): warning C4996: 'scanf': This function or variable may be unsafe. Consider using scanf_s instead. To disable deprecation, use _CRT_SECURE_NO_WARNINGS. See online help for details.
                 c:\program files (x86)\microsoft visual studio 10.0\vc\include\stdio.h(304) : see declaration of 'scanf'
     1>e:\codes\palin\palin\palin\palin2.cpp(84): warning C4101: 'k' : unreferenced local variable
         palin.cpp
     1>e:\codes\palin\palin\palin\palin.cpp(11): warning C4996: 'scanf': This function or variable may be unsafe. Consider using scanf_s instead. To disable deprecation, use _CRT_SECURE_NO_WARNINGS. See online help for details.
                 c:\program files (x86)\microsoft visual studio 10.0\vc\include\stdio.h(304) : see declaration of 'scanf'
     1>e:\codes\palin\palin\palin\palin.cpp(15): warning C4996: 'gets': This function or variable may be unsafe. Consider using gets_s instead. To disable deprecation, use _CRT_SECURE_NO_WARNINGS. See online help for details.
                 c:\program files (x86)\microsoft visual studio 10.0\vc\include\stdio.h(277) : see declaration of 'gets'
         Generating Code...
       ManifestResourceCompile:
         All outputs are up-to-date.
       Link:
         c:\Program Files (x86)\Microsoft Visual Studio 10.0\VC\bin\link.exe /ERRORREPORT:PROMPT /OUT:"E:\Codes\PALIN\palin\Debug\palin.exe" /INCREMENTAL /NOLOGO kernel32.lib user32.lib gdi32.lib winspool.lib comdlg32.lib advapi32.lib shell32.lib ole32.lib oleaut32.lib uuid.lib odbc32.lib odbccp32.lib /MANIFEST /ManifestFile:"Debug\palin.exe.intermediate.manifest" /MANIFESTUAC:"level='asInvoker' uiAccess='false'" /DEBUG /PDB:"E:\Codes\PALIN\palin\Debug\palin.pdb" /SUBSYSTEM:CONSOLE /TLBID:1 /DYNAMICBASE /NXCOMPAT /IMPLIB:"E:\Codes\PALIN\palin\Debug\palin.lib" /MACHINE:X86 Debug\palin.exe.embed.manifest.res
         Debug\palin.obj
         Debug\palin2.obj
       Manifest:
         c:\Program Files (x86)\Microsoft SDKs\Windows\v7.0A\bin\mt.exe /nologo /verbose /out:"Debug\palin.exe.embed.manifest" /manifest Debug\palin.exe.intermediate.manifest
         All outputs are up-to-date.
       LinkEmbedManifest:
         All outputs are up-to-date.
         palin.vcxproj -> E:\Codes\PALIN\palin\Debug\palin.exe
       FinalizeBuildStatus:
         Deleting file "Debug\palin.unsuccessfulbuild".
         Touching "Debug\palin.lastbuildstate".
     1>Done Building Project "E:\Codes\PALIN\palin\palin\palin.vcxproj" (build target(s)).

Build succeeded.

Time Elapsed 00:00:02.72
