Build started 9/16/2014 12:00:27 AM.
     1>Project "E:\Codes\BITMAP\bitmap\bitmap\bitmap.vcxproj" on node 2 (build target(s)).
     1>InitializeBuildStatus:
         Creating "Debug\bitmap.unsuccessfulbuild" because "AlwaysCreate" was specified.
       ClCompile:
         c:\Program Files (x86)\Microsoft Visual Studio 10.0\VC\bin\CL.exe /c /ZI /nologo /W3 /WX- /Od /Oy- /D WIN32 /D _DEBUG /D _CONSOLE /D _UNICODE /D UNICODE /Gm /EHsc /RTC1 /MDd /GS /fp:precise /Zc:wchar_t /Zc:forScope /Fo"Debug\\" /Fd"Debug\vc100.pdb" /Gd /TP /analyze- /errorReport:prompt bitmap.cpp
         bitmap.cpp
     1>e:\codes\bitmap\bitmap\bitmap\bitmap.cpp(66): warning C4996: 'scanf': This function or variable may be unsafe. Consider using scanf_s instead. To disable deprecation, use _CRT_SECURE_NO_WARNINGS. See online help for details.
                 c:\program files (x86)\microsoft visual studio 10.0\vc\include\stdio.h(304) : see declaration of 'scanf'
     1>e:\codes\bitmap\bitmap\bitmap\bitmap.cpp(72): warning C4996: 'scanf': This function or variable may be unsafe. Consider using scanf_s instead. To disable deprecation, use _CRT_SECURE_NO_WARNINGS. See online help for details.
                 c:\program files (x86)\microsoft visual studio 10.0\vc\include\stdio.h(304) : see declaration of 'scanf'
       ManifestResourceCompile:
         All outputs are up-to-date.
       Link:
         c:\Program Files (x86)\Microsoft Visual Studio 10.0\VC\bin\link.exe /ERRORREPORT:PROMPT /OUT:"E:\Codes\BITMAP\bitmap\Debug\bitmap.exe" /INCREMENTAL /NOLOGO kernel32.lib user32.lib gdi32.lib winspool.lib comdlg32.lib advapi32.lib shell32.lib ole32.lib oleaut32.lib uuid.lib odbc32.lib odbccp32.lib /MANIFEST /ManifestFile:"Debug\bitmap.exe.intermediate.manifest" /MANIFESTUAC:"level='asInvoker' uiAccess='false'" /DEBUG /PDB:"E:\Codes\BITMAP\bitmap\Debug\bitmap.pdb" /SUBSYSTEM:CONSOLE /TLBID:1 /DYNAMICBASE /NXCOMPAT /IMPLIB:"E:\Codes\BITMAP\bitmap\Debug\bitmap.lib" /MACHINE:X86 Debug\bitmap.exe.embed.manifest.res
         Debug\bitmap.obj
         Debug\bitmap1.obj
       Manifest:
         c:\Program Files (x86)\Microsoft SDKs\Windows\v7.0A\bin\mt.exe /nologo /verbose /out:"Debug\bitmap.exe.embed.manifest" /manifest Debug\bitmap.exe.intermediate.manifest
         All outputs are up-to-date.
       LinkEmbedManifest:
         All outputs are up-to-date.
         bitmap.vcxproj -> E:\Codes\BITMAP\bitmap\Debug\bitmap.exe
       FinalizeBuildStatus:
         Deleting file "Debug\bitmap.unsuccessfulbuild".
         Touching "Debug\bitmap.lastbuildstate".
     1>Done Building Project "E:\Codes\BITMAP\bitmap\bitmap\bitmap.vcxproj" (build target(s)).

Build succeeded.

Time Elapsed 00:00:01.16
