E:\CODES\BITMAP\BITMAP\BITMAP\DEBUG\BITMAP.EXE.EMBED.MANIFEST
E:\CODES\BITMAP\BITMAP\BITMAP\DEBUG\BITMAP.EXE.EMBED.MANIFEST.RES
E:\CODES\BITMAP\BITMAP\BITMAP\DEBUG\BITMAP.EXE.INTERMEDIATE.MANIFEST
E:\CODES\BITMAP\BITMAP\BITMAP\DEBUG\BITMAP.OBJ
E:\Codes\BITMAP\bitmap\bitmap\Debug\bitmap_manifest.rc
E:\Codes\BITMAP\bitmap\bitmap\Debug\cl.command.1.tlog
E:\Codes\BITMAP\bitmap\bitmap\Debug\CL.read.1.tlog
E:\Codes\BITMAP\bitmap\bitmap\Debug\CL.write.1.tlog
E:\Codes\BITMAP\bitmap\bitmap\Debug\link.8796.read.1.tlog
E:\Codes\BITMAP\bitmap\bitmap\Debug\link.8796.write.1.tlog
E:\Codes\BITMAP\bitmap\bitmap\Debug\link.8796-cvtres.read.1.tlog
E:\Codes\BITMAP\bitmap\bitmap\Debug\link.8796-cvtres.write.1.tlog
E:\Codes\BITMAP\bitmap\bitmap\Debug\link.command.1.tlog
E:\Codes\BITMAP\bitmap\bitmap\Debug\link.read.1.tlog
E:\Codes\BITMAP\bitmap\bitmap\Debug\link.write.1.tlog
E:\Codes\BITMAP\bitmap\bitmap\Debug\link-cvtres.read.1.tlog
E:\Codes\BITMAP\bitmap\bitmap\Debug\link-cvtres.write.1.tlog
E:\Codes\BITMAP\bitmap\bitmap\Debug\mt.command.1.tlog
E:\Codes\BITMAP\bitmap\bitmap\Debug\mt.read.1.tlog
E:\Codes\BITMAP\bitmap\bitmap\Debug\mt.write.1.tlog
E:\Codes\BITMAP\bitmap\bitmap\Debug\rc.command.1.tlog
E:\Codes\BITMAP\bitmap\bitmap\Debug\rc.read.1.tlog
E:\Codes\BITMAP\bitmap\bitmap\Debug\rc.write.1.tlog
E:\Codes\BITMAP\bitmap\bitmap\Debug\vc100.idb
E:\CODES\BITMAP\BITMAP\BITMAP\DEBUG\VC100.PDB
E:\CODES\BITMAP\BITMAP\DEBUG\BITMAP.EXE
E:\CODES\BITMAP\BITMAP\DEBUG\BITMAP.ILK
E:\CODES\BITMAP\BITMAP\DEBUG\BITMAP.PDB
